# JRE version: Java(TM) SE Runtime Environment (8.0_25-b17) (build 1.8.0_25-b17)
# Java VM: Java HotSpot(TM) 64-Bit Server VM (25.25-b02 mixed mode bsd-amd64 compressed oops)
Heap:
 PSYoungGen      total 76288K, used 17307K [0x000000076ab00000, 0x0000000770000000, 0x00000007c0000000)
  eden space 65536K, 10% used [0x000000076ab00000,0x000000076b16a4b8,0x000000076eb00000)
  from space 10752K, 99% used [0x000000076f580000,0x000000076fffc9f0,0x0000000770000000)
  to   space 10752K, 0% used [0x000000076eb00000,0x000000076eb00000,0x000000076f580000)
 ParOldGen       total 102912K, used 49015K [0x00000006c0000000, 0x00000006c6480000, 0x000000076ab00000)
  object space 102912K, 47% used [0x00000006c0000000,0x00000006c2fdddc8,0x00000006c6480000)
 Metaspace       used 23468K, capacity 24582K, committed 24832K, reserved 1071104K
  class space    used 3018K, capacity 3230K, committed 3328K, reserved 1048576K
GC Heap History (10 events):
Event: 9.274 GC heap before
{Heap before GC invocations=1 (full 0):
 PSYoungGen      total 76288K, used 65536K [0x000000076ab00000, 0x0000000770000000, 0x00000007c0000000)
  eden space 65536K, 100% used [0x000000076ab00000,0x000000076eb00000,0x000000076eb00000)
  from space 10752K, 0% used [0x000000076f580000,0x000000076f580000,0x0000000770000000)
  to   space 10752K, 0% used [0x000000076eb00000,0x000000076eb00000,0x000000076f580000)
 ParOldGen       total 175104K, used 0K [0x00000006c0000000, 0x00000006cab00000, 0x000000076ab00000)
  object space 175104K, 0% used [0x00000006c0000000,0x00000006c0000000,0x00000006cab00000)
 Metaspace       used 19411K, capacity 19964K, committed 20224K, reserved 1067008K
  class space    used 2612K, capacity 2733K, committed 2816K, reserved 1048576K
Event: 9.284 GC heap after
Heap after GC invocations=1 (full 0):
 PSYoungGen      total 76288K, used 10729K [0x000000076ab00000, 0x0000000770000000, 0x00000007c0000000)
  eden space 65536K, 0% used [0x000000076ab00000,0x000000076ab00000,0x000000076eb00000)
  from space 10752K, 99% used [0x000000076eb00000,0x000000076f57a580,0x000000076f580000)
  to   space 10752K, 0% used [0x000000076f580000,0x000000076f580000,0x0000000770000000)
 ParOldGen       total 175104K, used 5267K [0x00000006c0000000, 0x00000006cab00000, 0x000000076ab00000)
  object space 175104K, 3% used [0x00000006c0000000,0x00000006c0524ff0,0x00000006cab00000)
 Metaspace       used 19411K, capacity 19964K, committed 20224K, reserved 1067008K
  class space    used 2612K, capacity 2733K, committed 2816K, reserved 1048576K
}
Event: 9.884 GC heap before
{Heap before GC invocations=2 (full 0):
 PSYoungGen      total 76288K, used 21267K [0x000000076ab00000, 0x0000000770000000, 0x00000007c0000000)
  eden space 65536K, 16% used [0x000000076ab00000,0x000000076b54a8f8,0x000000076eb00000)
  from space 10752K, 99% used [0x000000076eb00000,0x000000076f57a580,0x000000076f580000)
  to   space 10752K, 0% used [0x000000076f580000,0x000000076f580000,0x0000000770000000)
 ParOldGen       total 175104K, used 5267K [0x00000006c0000000, 0x00000006cab00000, 0x000000076ab00000)
  object space 175104K, 3% used [0x00000006c0000000,0x00000006c0524ff0,0x00000006cab00000)
 Metaspace       used 20492K, capacity 21122K, committed 21248K, reserved 1067008K
  class space    used 2774K, capacity 2950K, committed 3072K, reserved 1048576K
Event: 9.893 GC heap after
Heap after GC invocations=2 (full 0):
 PSYoungGen      total 76288K, used 10722K [0x000000076ab00000, 0x0000000770000000, 0x00000007c0000000)
  eden space 65536K, 0% used [0x000000076ab00000,0x000000076ab00000,0x000000076eb00000)
  from space 10752K, 99% used [0x000000076f580000,0x000000076fff8a50,0x0000000770000000)
  to   space 10752K, 0% used [0x000000076eb00000,0x000000076eb00000,0x000000076f580000)
 ParOldGen       total 175104K, used 8990K [0x00000006c0000000, 0x00000006cab00000, 0x000000076ab00000)
  object space 175104K, 5% used [0x00000006c0000000,0x00000006c08c7ae8,0x00000006cab00000)
 Metaspace       used 20492K, capacity 21122K, committed 21248K, reserved 1067008K
  class space    used 2774K, capacity 2950K, committed 3072K, reserved 1048576K
}
Event: 9.894 GC heap before
{Heap before GC invocations=3 (full 1):
 PSYoungGen      total 76288K, used 10722K [0x000000076ab00000, 0x0000000770000000, 0x00000007c0000000)
  eden space 65536K, 0% used [0x000000076ab00000,0x000000076ab00000,0x000000076eb00000)
  from space 10752K, 99% used [0x000000076f580000,0x000000076fff8a50,0x0000000770000000)
  to   space 10752K, 0% used [0x000000076eb00000,0x000000076eb00000,0x000000076f580000)
 ParOldGen       total 175104K, used 8990K [0x00000006c0000000, 0x00000006cab00000, 0x000000076ab00000)
  object space 175104K, 5% used [0x00000006c0000000,0x00000006c08c7ae8,0x00000006cab00000)
 Metaspace       used 20492K, capacity 21122K, committed 21248K, reserved 1067008K
  class space    used 2774K, capacity 2950K, committed 3072K, reserved 1048576K
Event: 9.921 GC heap after
Heap after GC invocations=3 (full 1):
 PSYoungGen      total 76288K, used 0K [0x000000076ab00000, 0x0000000770000000, 0x00000007c0000000)
  eden space 65536K, 0% used [0x000000076ab00000,0x000000076ab00000,0x000000076eb00000)
  from space 10752K, 0% used [0x000000076f580000,0x000000076f580000,0x0000000770000000)
  to   space 10752K, 0% used [0x000000076eb00000,0x000000076eb00000,0x000000076f580000)
 ParOldGen       total 102912K, used 14064K [0x00000006c0000000, 0x00000006c6480000, 0x000000076ab00000)
  object space 102912K, 13% used [0x00000006c0000000,0x00000006c0dbc0f8,0x00000006c6480000)
 Metaspace       used 20490K, capacity 21120K, committed 21248K, reserved 1067008K
  class space    used 2773K, capacity 2949K, committed 3072K, reserved 1048576K
}
Event: 67.498 GC heap before
{Heap before GC invocations=4 (full 1):
 PSYoungGen      total 76288K, used 65536K [0x000000076ab00000, 0x0000000770000000, 0x00000007c0000000)
  eden space 65536K, 100% used [0x000000076ab00000,0x000000076eb00000,0x000000076eb00000)
  from space 10752K, 0% used [0x000000076f580000,0x000000076f580000,0x0000000770000000)
  to   space 10752K, 0% used [0x000000076eb00000,0x000000076eb00000,0x000000076f580000)
 ParOldGen       total 102912K, used 14064K [0x00000006c0000000, 0x00000006c6480000, 0x000000076ab00000)
  object space 102912K, 13% used [0x00000006c0000000,0x00000006c0dbc0f8,0x00000006c6480000)
 Metaspace       used 23041K, capacity 24120K, committed 24320K, reserved 1071104K
  class space    used 3013K, capacity 3227K, committed 3328K, reserved 1048576K
Event: 67.508 GC heap after
Heap after GC invocations=4 (full 1):
 PSYoungGen      total 76288K, used 10722K [0x000000076ab00000, 0x0000000770000000, 0x00000007c0000000)
  eden space 65536K, 0% used [0x000000076ab00000,0x000000076ab00000,0x000000076eb00000)
  from space 10752K, 99% used [0x000000076eb00000,0x000000076f578a00,0x000000076f580000)
  to   space 10752K, 0% used [0x000000076f580000,0x000000076f580000,0x0000000770000000)
 ParOldGen       total 102912K, used 25647K [0x00000006c0000000, 0x00000006c6480000, 0x000000076ab00000)
  object space 102912K, 24% used [0x00000006c0000000,0x00000006c190bfb8,0x00000006c6480000)
 Metaspace       used 23041K, capacity 24120K, committed 24320K, reserved 1071104K
  class space    used 3013K, capacity 3227K, committed 3328K, reserved 1048576K
}
Event: 98.944 GC heap before
{Heap before GC invocations=5 (full 1):
 PSYoungGen      total 76288K, used 76258K [0x000000076ab00000, 0x0000000770000000, 0x00000007c0000000)
  eden space 65536K, 100% used [0x000000076ab00000,0x000000076eb00000,0x000000076eb00000)
  from space 10752K, 99% used [0x000000076eb00000,0x000000076f578a00,0x000000076f580000)
  to   space 10752K, 0% used [0x000000076f580000,0x000000076f580000,0x0000000770000000)
 ParOldGen       total 102912K, used 25647K [0x00000006c0000000, 0x00000006c6480000, 0x000000076ab00000)
  object space 102912K, 24% used [0x00000006c0000000,0x00000006c190bfb8,0x00000006c6480000)
 Metaspace       used 23418K, capacity 24518K, committed 24832K, reserved 1071104K
  class space    used 3018K, capacity 3230K, committed 3328K, reserved 1048576K
Event: 98.963 GC heap after
Heap after GC invocations=5 (full 1):
 PSYoungGen      total 76288K, used 10738K [0x000000076ab00000, 0x0000000770000000, 0x00000007c0000000)
  eden space 65536K, 0% used [0x000000076ab00000,0x000000076ab00000,0x000000076eb00000)
  from space 10752K, 99% used [0x000000076f580000,0x000000076fffc9f0,0x0000000770000000)
  to   space 10752K, 0% used [0x000000076eb00000,0x000000076eb00000,0x000000076f580000)
 ParOldGen       total 102912K, used 49015K [0x00000006c0000000, 0x00000006c6480000, 0x000000076ab00000)
  object space 102912K, 47% used [0x00000006c0000000,0x00000006c2fdddc8,0x00000006c6480000)
 Metaspace       used 23418K, capacity 24518K, committed 24832K, reserved 1071104K
  class space    used 3018K, capacity 3230K, committed 3328K, reserved 1048576K
}

